INFO:root:
Selector: High Level Ordering of Strategies
| Sequence: Offensive Strategy
| | Check: have_largest_fleet
| | Check: if_enemy_planet_available
| | Action: attack_weakest_enemy_planet
| Sequence: Defensive Strategy
| | Check: is_any_planet_under_threat
| | Action: defend_threatened_planet
| Sequence: Spread Strategy
| | Check: if_neutral_planet_available
| | Action: spread_to_weakest_neutral_planet
| Sequence: Fallback Attack
| | Check: if_enemy_planet_available
| | Action: attack_weakest_enemy_planet

DEBUG:root:Executing:Selector: High Level Ordering of Strategies
DEBUG:root:Executing:Sequence: Offensive Strategy
DEBUG:root:Executing:Check: have_largest_fleet
DEBUG:root:Result: Check: have_largest_fleet -> Failure
DEBUG:root:Result: Sequence: Offensive Strategy -> Failure
DEBUG:root:Executing:Sequence: Defensive Strategy
DEBUG:root:Executing:Check: is_any_planet_under_threat
DEBUG:root:Result: Check: is_any_planet_under_threat -> Failure
DEBUG:root:Result: Sequence: Defensive Strategy -> Failure
DEBUG:root:Executing:Sequence: Spread Strategy
DEBUG:root:Executing:Check: if_neutral_planet_available
DEBUG:root:Result: Check: if_neutral_planet_available -> Success
DEBUG:root:Executing:Action: spread_to_weakest_neutral_planet
DEBUG:root:Order:1 12 13
DEBUG:root:Order:1 11 13
DEBUG:root:Result: Action: spread_to_weakest_neutral_planet -> Success
DEBUG:root:Result: Sequence: Spread Strategy -> Success
DEBUG:root:Result: Selector: High Level Ordering of Strategies -> Success
DEBUG:root:Finish turn

DEBUG:root:Executing:Selector: High Level Ordering of Strategies
DEBUG:root:Executing:Sequence: Offensive Strategy
DEBUG:root:Executing:Check: have_largest_fleet
DEBUG:root:Result: Check: have_largest_fleet -> Failure
DEBUG:root:Result: Sequence: Offensive Strategy -> Failure
DEBUG:root:Executing:Sequence: Defensive Strategy
DEBUG:root:Executing:Check: is_any_planet_under_threat
DEBUG:root:Result: Check: is_any_planet_under_threat -> Failure
DEBUG:root:Result: Sequence: Defensive Strategy -> Failure
DEBUG:root:Executing:Sequence: Spread Strategy
DEBUG:root:Executing:Check: if_neutral_planet_available
DEBUG:root:Result: Check: if_neutral_planet_available -> Success
DEBUG:root:Executing:Action: spread_to_weakest_neutral_planet
DEBUG:root:Order:1 18 5
DEBUG:root:Order:1 17 5
DEBUG:root:Result: Action: spread_to_weakest_neutral_planet -> Success
DEBUG:root:Result: Sequence: Spread Strategy -> Success
DEBUG:root:Result: Selector: High Level Ordering of Strategies -> Success
DEBUG:root:Finish turn

DEBUG:root:Executing:Selector: High Level Ordering of Strategies
DEBUG:root:Executing:Sequence: Offensive Strategy
DEBUG:root:Executing:Check: have_largest_fleet
DEBUG:root:Result: Check: have_largest_fleet -> Failure
DEBUG:root:Result: Sequence: Offensive Strategy -> Failure
DEBUG:root:Executing:Sequence: Defensive Strategy
DEBUG:root:Executing:Check: is_any_planet_under_threat
DEBUG:root:Result: Check: is_any_planet_under_threat -> Failure
DEBUG:root:Result: Sequence: Defensive Strategy -> Failure
DEBUG:root:Executing:Sequence: Spread Strategy
DEBUG:root:Executing:Check: if_neutral_planet_available
DEBUG:root:Result: Check: if_neutral_planet_available -> Success
DEBUG:root:Executing:Action: spread_to_weakest_neutral_planet
DEBUG:root:Order:1 0 38
DEBUG:root:Order:1 6 23
DEBUG:root:Result: Action: spread_to_weakest_neutral_planet -> Success
DEBUG:root:Result: Sequence: Spread Strategy -> Success
DEBUG:root:Result: Selector: High Level Ordering of Strategies -> Success
DEBUG:root:Finish turn

DEBUG:root:Executing:Selector: High Level Ordering of Strategies
DEBUG:root:Executing:Sequence: Offensive Strategy
DEBUG:root:Executing:Check: have_largest_fleet
DEBUG:root:Result: Check: have_largest_fleet -> Failure
DEBUG:root:Result: Sequence: Offensive Strategy -> Failure
DEBUG:root:Executing:Sequence: Defensive Strategy
DEBUG:root:Executing:Check: is_any_planet_under_threat
DEBUG:root:Result: Check: is_any_planet_under_threat -> Failure
DEBUG:root:Result: Sequence: Defensive Strategy -> Failure
DEBUG:root:Executing:Sequence: Spread Strategy
DEBUG:root:Executing:Check: if_neutral_planet_available
DEBUG:root:Result: Check: if_neutral_planet_available -> Success
DEBUG:root:Executing:Action: spread_to_weakest_neutral_planet
DEBUG:root:Result: Action: spread_to_weakest_neutral_planet -> Failure
DEBUG:root:Result: Sequence: Spread Strategy -> Failure
DEBUG:root:Executing:Sequence: Fallback Attack
DEBUG:root:Executing:Check: if_enemy_planet_available
DEBUG:root:Result: Check: if_enemy_planet_available -> Success
DEBUG:root:Executing:Action: attack_weakest_enemy_planet
DEBUG:root:Result: Action: attack_weakest_enemy_planet -> Failure
DEBUG:root:Result: Sequence: Fallback Attack -> Failure
DEBUG:root:Result: Selector: High Level Ordering of Strategies -> Failure
DEBUG:root:Finish turn

DEBUG:root:Executing:Selector: High Level Ordering of Strategies
DEBUG:root:Executing:Sequence: Offensive Strategy
DEBUG:root:Executing:Check: have_largest_fleet
DEBUG:root:Result: Check: have_largest_fleet -> Failure
DEBUG:root:Result: Sequence: Offensive Strategy -> Failure
DEBUG:root:Executing:Sequence: Defensive Strategy
DEBUG:root:Executing:Check: is_any_planet_under_threat
DEBUG:root:Result: Check: is_any_planet_under_threat -> Failure
DEBUG:root:Result: Sequence: Defensive Strategy -> Failure
DEBUG:root:Executing:Sequence: Spread Strategy
DEBUG:root:Executing:Check: if_neutral_planet_available
DEBUG:root:Result: Check: if_neutral_planet_available -> Success
DEBUG:root:Executing:Action: spread_to_weakest_neutral_planet
DEBUG:root:Result: Action: spread_to_weakest_neutral_planet -> Failure
DEBUG:root:Result: Sequence: Spread Strategy -> Failure
DEBUG:root:Executing:Sequence: Fallback Attack
DEBUG:root:Executing:Check: if_enemy_planet_available
DEBUG:root:Result: Check: if_enemy_planet_available -> Success
DEBUG:root:Executing:Action: attack_weakest_enemy_planet
DEBUG:root:Result: Action: attack_weakest_enemy_planet -> Failure
DEBUG:root:Result: Sequence: Fallback Attack -> Failure
DEBUG:root:Result: Selector: High Level Ordering of Strategies -> Failure
DEBUG:root:Finish turn

DEBUG:root:Executing:Selector: High Level Ordering of Strategies
DEBUG:root:Executing:Sequence: Offensive Strategy
DEBUG:root:Executing:Check: have_largest_fleet
DEBUG:root:Result: Check: have_largest_fleet -> Failure
DEBUG:root:Result: Sequence: Offensive Strategy -> Failure
DEBUG:root:Executing:Sequence: Defensive Strategy
DEBUG:root:Executing:Check: is_any_planet_under_threat
DEBUG:root:Result: Check: is_any_planet_under_threat -> Failure
DEBUG:root:Result: Sequence: Defensive Strategy -> Failure
DEBUG:root:Executing:Sequence: Spread Strategy
DEBUG:root:Executing:Check: if_neutral_planet_available
DEBUG:root:Result: Check: if_neutral_planet_available -> Success
DEBUG:root:Executing:Action: spread_to_weakest_neutral_planet
DEBUG:root:Result: Action: spread_to_weakest_neutral_planet -> Failure
DEBUG:root:Result: Sequence: Spread Strategy -> Failure
DEBUG:root:Executing:Sequence: Fallback Attack
DEBUG:root:Executing:Check: if_enemy_planet_available
DEBUG:root:Result: Check: if_enemy_planet_available -> Success
DEBUG:root:Executing:Action: attack_weakest_enemy_planet
DEBUG:root:Result: Action: attack_weakest_enemy_planet -> Failure
DEBUG:root:Result: Sequence: Fallback Attack -> Failure
DEBUG:root:Result: Selector: High Level Ordering of Strategies -> Failure
DEBUG:root:Finish turn

DEBUG:root:Executing:Selector: High Level Ordering of Strategies
DEBUG:root:Executing:Sequence: Offensive Strategy
DEBUG:root:Executing:Check: have_largest_fleet
DEBUG:root:Result: Check: have_largest_fleet -> Success
DEBUG:root:Executing:Check: if_enemy_planet_available
DEBUG:root:Result: Check: if_enemy_planet_available -> Success
DEBUG:root:Executing:Action: attack_weakest_enemy_planet
DEBUG:root:Result: Action: attack_weakest_enemy_planet -> Failure
DEBUG:root:Result: Sequence: Offensive Strategy -> Failure
DEBUG:root:Executing:Sequence: Defensive Strategy
DEBUG:root:Executing:Check: is_any_planet_under_threat
DEBUG:root:Result: Check: is_any_planet_under_threat -> Failure
DEBUG:root:Result: Sequence: Defensive Strategy -> Failure
DEBUG:root:Executing:Sequence: Spread Strategy
DEBUG:root:Executing:Check: if_neutral_planet_available
DEBUG:root:Result: Check: if_neutral_planet_available -> Success
DEBUG:root:Executing:Action: spread_to_weakest_neutral_planet
DEBUG:root:Order:1 5 23
DEBUG:root:Result: Action: spread_to_weakest_neutral_planet -> Success
DEBUG:root:Result: Sequence: Spread Strategy -> Success
DEBUG:root:Result: Selector: High Level Ordering of Strategies -> Success
DEBUG:root:Finish turn

DEBUG:root:Executing:Selector: High Level Ordering of Strategies
DEBUG:root:Executing:Sequence: Offensive Strategy
DEBUG:root:Executing:Check: have_largest_fleet
DEBUG:root:Result: Check: have_largest_fleet -> Success
DEBUG:root:Executing:Check: if_enemy_planet_available
DEBUG:root:Result: Check: if_enemy_planet_available -> Success
DEBUG:root:Executing:Action: attack_weakest_enemy_planet
DEBUG:root:Result: Action: attack_weakest_enemy_planet -> Failure
DEBUG:root:Result: Sequence: Offensive Strategy -> Failure
DEBUG:root:Executing:Sequence: Defensive Strategy
DEBUG:root:Executing:Check: is_any_planet_under_threat
DEBUG:root:Result: Check: is_any_planet_under_threat -> Failure
DEBUG:root:Result: Sequence: Defensive Strategy -> Failure
DEBUG:root:Executing:Sequence: Spread Strategy
DEBUG:root:Executing:Check: if_neutral_planet_available
DEBUG:root:Result: Check: if_neutral_planet_available -> Success
DEBUG:root:Executing:Action: spread_to_weakest_neutral_planet
DEBUG:root:Result: Action: spread_to_weakest_neutral_planet -> Failure
DEBUG:root:Result: Sequence: Spread Strategy -> Failure
DEBUG:root:Executing:Sequence: Fallback Attack
DEBUG:root:Executing:Check: if_enemy_planet_available
DEBUG:root:Result: Check: if_enemy_planet_available -> Success
DEBUG:root:Executing:Action: attack_weakest_enemy_planet
DEBUG:root:Result: Action: attack_weakest_enemy_planet -> Failure
DEBUG:root:Result: Sequence: Fallback Attack -> Failure
DEBUG:root:Result: Selector: High Level Ordering of Strategies -> Failure
DEBUG:root:Finish turn

DEBUG:root:Executing:Selector: High Level Ordering of Strategies
DEBUG:root:Executing:Sequence: Offensive Strategy
DEBUG:root:Executing:Check: have_largest_fleet
DEBUG:root:Result: Check: have_largest_fleet -> Success
DEBUG:root:Executing:Check: if_enemy_planet_available
DEBUG:root:Result: Check: if_enemy_planet_available -> Success
DEBUG:root:Executing:Action: attack_weakest_enemy_planet
DEBUG:root:Result: Action: attack_weakest_enemy_planet -> Failure
DEBUG:root:Result: Sequence: Offensive Strategy -> Failure
DEBUG:root:Executing:Sequence: Defensive Strategy
DEBUG:root:Executing:Check: is_any_planet_under_threat
DEBUG:root:Result: Check: is_any_planet_under_threat -> Failure
DEBUG:root:Result: Sequence: Defensive Strategy -> Failure
DEBUG:root:Executing:Sequence: Spread Strategy
DEBUG:root:Executing:Check: if_neutral_planet_available
DEBUG:root:Result: Check: if_neutral_planet_available -> Success
DEBUG:root:Executing:Action: spread_to_weakest_neutral_planet
DEBUG:root:Result: Action: spread_to_weakest_neutral_planet -> Failure
DEBUG:root:Result: Sequence: Spread Strategy -> Failure
DEBUG:root:Executing:Sequence: Fallback Attack
DEBUG:root:Executing:Check: if_enemy_planet_available
DEBUG:root:Result: Check: if_enemy_planet_available -> Success
DEBUG:root:Executing:Action: attack_weakest_enemy_planet
DEBUG:root:Result: Action: attack_weakest_enemy_planet -> Failure
DEBUG:root:Result: Sequence: Fallback Attack -> Failure
DEBUG:root:Result: Selector: High Level Ordering of Strategies -> Failure
DEBUG:root:Finish turn

DEBUG:root:Executing:Selector: High Level Ordering of Strategies
DEBUG:root:Executing:Sequence: Offensive Strategy
DEBUG:root:Executing:Check: have_largest_fleet
DEBUG:root:Result: Check: have_largest_fleet -> Success
DEBUG:root:Executing:Check: if_enemy_planet_available
DEBUG:root:Result: Check: if_enemy_planet_available -> Success
DEBUG:root:Executing:Action: attack_weakest_enemy_planet
DEBUG:root:Result: Action: attack_weakest_enemy_planet -> Failure
DEBUG:root:Result: Sequence: Offensive Strategy -> Failure
DEBUG:root:Executing:Sequence: Defensive Strategy
DEBUG:root:Executing:Check: is_any_planet_under_threat
DEBUG:root:Result: Check: is_any_planet_under_threat -> Failure
DEBUG:root:Result: Sequence: Defensive Strategy -> Failure
DEBUG:root:Executing:Sequence: Spread Strategy
DEBUG:root:Executing:Check: if_neutral_planet_available
DEBUG:root:Result: Check: if_neutral_planet_available -> Success
DEBUG:root:Executing:Action: spread_to_weakest_neutral_planet
DEBUG:root:Result: Action: spread_to_weakest_neutral_planet -> Failure
DEBUG:root:Result: Sequence: Spread Strategy -> Failure
DEBUG:root:Executing:Sequence: Fallback Attack
DEBUG:root:Executing:Check: if_enemy_planet_available
DEBUG:root:Result: Check: if_enemy_planet_available -> Success
DEBUG:root:Executing:Action: attack_weakest_enemy_planet
DEBUG:root:Result: Action: attack_weakest_enemy_planet -> Failure
DEBUG:root:Result: Sequence: Fallback Attack -> Failure
DEBUG:root:Result: Selector: High Level Ordering of Strategies -> Failure
DEBUG:root:Finish turn

DEBUG:root:Executing:Selector: High Level Ordering of Strategies
DEBUG:root:Executing:Sequence: Offensive Strategy
DEBUG:root:Executing:Check: have_largest_fleet
DEBUG:root:Result: Check: have_largest_fleet -> Success
DEBUG:root:Executing:Check: if_enemy_planet_available
DEBUG:root:Result: Check: if_enemy_planet_available -> Success
DEBUG:root:Executing:Action: attack_weakest_enemy_planet
DEBUG:root:Result: Action: attack_weakest_enemy_planet -> Failure
DEBUG:root:Result: Sequence: Offensive Strategy -> Failure
DEBUG:root:Executing:Sequence: Defensive Strategy
DEBUG:root:Executing:Check: is_any_planet_under_threat
DEBUG:root:Result: Check: is_any_planet_under_threat -> Failure
DEBUG:root:Result: Sequence: Defensive Strategy -> Failure
DEBUG:root:Executing:Sequence: Spread Strategy
DEBUG:root:Executing:Check: if_neutral_planet_available
DEBUG:root:Result: Check: if_neutral_planet_available -> Success
DEBUG:root:Executing:Action: spread_to_weakest_neutral_planet
DEBUG:root:Result: Action: spread_to_weakest_neutral_planet -> Failure
DEBUG:root:Result: Sequence: Spread Strategy -> Failure
DEBUG:root:Executing:Sequence: Fallback Attack
DEBUG:root:Executing:Check: if_enemy_planet_available
DEBUG:root:Result: Check: if_enemy_planet_available -> Success
DEBUG:root:Executing:Action: attack_weakest_enemy_planet
DEBUG:root:Result: Action: attack_weakest_enemy_planet -> Failure
DEBUG:root:Result: Sequence: Fallback Attack -> Failure
DEBUG:root:Result: Selector: High Level Ordering of Strategies -> Failure
DEBUG:root:Finish turn

DEBUG:root:Executing:Selector: High Level Ordering of Strategies
DEBUG:root:Executing:Sequence: Offensive Strategy
DEBUG:root:Executing:Check: have_largest_fleet
DEBUG:root:Result: Check: have_largest_fleet -> Success
DEBUG:root:Executing:Check: if_enemy_planet_available
DEBUG:root:Result: Check: if_enemy_planet_available -> Success
DEBUG:root:Executing:Action: attack_weakest_enemy_planet
DEBUG:root:Order:18 9 6
DEBUG:root:Order:1 9 25
DEBUG:root:Result: Action: attack_weakest_enemy_planet -> Success
DEBUG:root:Result: Sequence: Offensive Strategy -> Success
DEBUG:root:Result: Selector: High Level Ordering of Strategies -> Success
DEBUG:root:Finish turn

DEBUG:root:Executing:Selector: High Level Ordering of Strategies
DEBUG:root:Executing:Sequence: Offensive Strategy
DEBUG:root:Executing:Check: have_largest_fleet
DEBUG:root:Result: Check: have_largest_fleet -> Success
DEBUG:root:Executing:Check: if_enemy_planet_available
DEBUG:root:Result: Check: if_enemy_planet_available -> Success
DEBUG:root:Executing:Action: attack_weakest_enemy_planet
DEBUG:root:Result: Action: attack_weakest_enemy_planet -> Failure
DEBUG:root:Result: Sequence: Offensive Strategy -> Failure
DEBUG:root:Executing:Sequence: Defensive Strategy
DEBUG:root:Executing:Check: is_any_planet_under_threat
DEBUG:root:Result: Check: is_any_planet_under_threat -> Failure
DEBUG:root:Result: Sequence: Defensive Strategy -> Failure
DEBUG:root:Executing:Sequence: Spread Strategy
DEBUG:root:Executing:Check: if_neutral_planet_available
DEBUG:root:Result: Check: if_neutral_planet_available -> Success
DEBUG:root:Executing:Action: spread_to_weakest_neutral_planet
DEBUG:root:Result: Action: spread_to_weakest_neutral_planet -> Failure
DEBUG:root:Result: Sequence: Spread Strategy -> Failure
DEBUG:root:Executing:Sequence: Fallback Attack
DEBUG:root:Executing:Check: if_enemy_planet_available
DEBUG:root:Result: Check: if_enemy_planet_available -> Success
DEBUG:root:Executing:Action: attack_weakest_enemy_planet
DEBUG:root:Result: Action: attack_weakest_enemy_planet -> Failure
DEBUG:root:Result: Sequence: Fallback Attack -> Failure
DEBUG:root:Result: Selector: High Level Ordering of Strategies -> Failure
DEBUG:root:Finish turn

DEBUG:root:Executing:Selector: High Level Ordering of Strategies
DEBUG:root:Executing:Sequence: Offensive Strategy
DEBUG:root:Executing:Check: have_largest_fleet
DEBUG:root:Result: Check: have_largest_fleet -> Success
DEBUG:root:Executing:Check: if_enemy_planet_available
DEBUG:root:Result: Check: if_enemy_planet_available -> Success
DEBUG:root:Executing:Action: attack_weakest_enemy_planet
DEBUG:root:Result: Action: attack_weakest_enemy_planet -> Failure
DEBUG:root:Result: Sequence: Offensive Strategy -> Failure
DEBUG:root:Executing:Sequence: Defensive Strategy
DEBUG:root:Executing:Check: is_any_planet_under_threat
DEBUG:root:Result: Check: is_any_planet_under_threat -> Failure
DEBUG:root:Result: Sequence: Defensive Strategy -> Failure
DEBUG:root:Executing:Sequence: Spread Strategy
DEBUG:root:Executing:Check: if_neutral_planet_available
DEBUG:root:Result: Check: if_neutral_planet_available -> Success
DEBUG:root:Executing:Action: spread_to_weakest_neutral_planet
DEBUG:root:Result: Action: spread_to_weakest_neutral_planet -> Failure
DEBUG:root:Result: Sequence: Spread Strategy -> Failure
DEBUG:root:Executing:Sequence: Fallback Attack
DEBUG:root:Executing:Check: if_enemy_planet_available
DEBUG:root:Result: Check: if_enemy_planet_available -> Success
DEBUG:root:Executing:Action: attack_weakest_enemy_planet
DEBUG:root:Result: Action: attack_weakest_enemy_planet -> Failure
DEBUG:root:Result: Sequence: Fallback Attack -> Failure
DEBUG:root:Result: Selector: High Level Ordering of Strategies -> Failure
DEBUG:root:Finish turn

DEBUG:root:Executing:Selector: High Level Ordering of Strategies
DEBUG:root:Executing:Sequence: Offensive Strategy
DEBUG:root:Executing:Check: have_largest_fleet
DEBUG:root:Result: Check: have_largest_fleet -> Success
DEBUG:root:Executing:Check: if_enemy_planet_available
DEBUG:root:Result: Check: if_enemy_planet_available -> Success
DEBUG:root:Executing:Action: attack_weakest_enemy_planet
DEBUG:root:Result: Action: attack_weakest_enemy_planet -> Failure
DEBUG:root:Result: Sequence: Offensive Strategy -> Failure
DEBUG:root:Executing:Sequence: Defensive Strategy
DEBUG:root:Executing:Check: is_any_planet_under_threat
DEBUG:root:Result: Check: is_any_planet_under_threat -> Failure
DEBUG:root:Result: Sequence: Defensive Strategy -> Failure
DEBUG:root:Executing:Sequence: Spread Strategy
DEBUG:root:Executing:Check: if_neutral_planet_available
DEBUG:root:Result: Check: if_neutral_planet_available -> Success
DEBUG:root:Executing:Action: spread_to_weakest_neutral_planet
DEBUG:root:Result: Action: spread_to_weakest_neutral_planet -> Failure
DEBUG:root:Result: Sequence: Spread Strategy -> Failure
DEBUG:root:Executing:Sequence: Fallback Attack
DEBUG:root:Executing:Check: if_enemy_planet_available
DEBUG:root:Result: Check: if_enemy_planet_available -> Success
DEBUG:root:Executing:Action: attack_weakest_enemy_planet
DEBUG:root:Result: Action: attack_weakest_enemy_planet -> Failure
DEBUG:root:Result: Sequence: Fallback Attack -> Failure
DEBUG:root:Result: Selector: High Level Ordering of Strategies -> Failure
DEBUG:root:Finish turn

DEBUG:root:Executing:Selector: High Level Ordering of Strategies
DEBUG:root:Executing:Sequence: Offensive Strategy
DEBUG:root:Executing:Check: have_largest_fleet
DEBUG:root:Result: Check: have_largest_fleet -> Success
DEBUG:root:Executing:Check: if_enemy_planet_available
DEBUG:root:Result: Check: if_enemy_planet_available -> Success
DEBUG:root:Executing:Action: attack_weakest_enemy_planet
DEBUG:root:Result: Action: attack_weakest_enemy_planet -> Failure
DEBUG:root:Result: Sequence: Offensive Strategy -> Failure
DEBUG:root:Executing:Sequence: Defensive Strategy
DEBUG:root:Executing:Check: is_any_planet_under_threat
DEBUG:root:Result: Check: is_any_planet_under_threat -> Failure
DEBUG:root:Result: Sequence: Defensive Strategy -> Failure
DEBUG:root:Executing:Sequence: Spread Strategy
DEBUG:root:Executing:Check: if_neutral_planet_available
DEBUG:root:Result: Check: if_neutral_planet_available -> Success
DEBUG:root:Executing:Action: spread_to_weakest_neutral_planet
DEBUG:root:Result: Action: spread_to_weakest_neutral_planet -> Failure
DEBUG:root:Result: Sequence: Spread Strategy -> Failure
DEBUG:root:Executing:Sequence: Fallback Attack
DEBUG:root:Executing:Check: if_enemy_planet_available
DEBUG:root:Result: Check: if_enemy_planet_available -> Success
DEBUG:root:Executing:Action: attack_weakest_enemy_planet
DEBUG:root:Result: Action: attack_weakest_enemy_planet -> Failure
DEBUG:root:Result: Sequence: Fallback Attack -> Failure
DEBUG:root:Result: Selector: High Level Ordering of Strategies -> Failure
DEBUG:root:Finish turn

DEBUG:root:Executing:Selector: High Level Ordering of Strategies
DEBUG:root:Executing:Sequence: Offensive Strategy
DEBUG:root:Executing:Check: have_largest_fleet
DEBUG:root:Result: Check: have_largest_fleet -> Success
DEBUG:root:Executing:Check: if_enemy_planet_available
DEBUG:root:Result: Check: if_enemy_planet_available -> Success
DEBUG:root:Executing:Action: attack_weakest_enemy_planet
DEBUG:root:Result: Action: attack_weakest_enemy_planet -> Failure
DEBUG:root:Result: Sequence: Offensive Strategy -> Failure
DEBUG:root:Executing:Sequence: Defensive Strategy
DEBUG:root:Executing:Check: is_any_planet_under_threat
DEBUG:root:Result: Check: is_any_planet_under_threat -> Success
DEBUG:root:Executing:Action: defend_threatened_planet
DEBUG:root:Order:1 6 2
DEBUG:root:Result: Action: defend_threatened_planet -> Success
DEBUG:root:Result: Sequence: Defensive Strategy -> Success
DEBUG:root:Result: Selector: High Level Ordering of Strategies -> Success
DEBUG:root:Finish turn

DEBUG:root:Executing:Selector: High Level Ordering of Strategies
DEBUG:root:Executing:Sequence: Offensive Strategy
DEBUG:root:Executing:Check: have_largest_fleet
DEBUG:root:Result: Check: have_largest_fleet -> Success
DEBUG:root:Executing:Check: if_enemy_planet_available
DEBUG:root:Result: Check: if_enemy_planet_available -> Success
DEBUG:root:Executing:Action: attack_weakest_enemy_planet
DEBUG:root:Result: Action: attack_weakest_enemy_planet -> Failure
DEBUG:root:Result: Sequence: Offensive Strategy -> Failure
DEBUG:root:Executing:Sequence: Defensive Strategy
DEBUG:root:Executing:Check: is_any_planet_under_threat
DEBUG:root:Result: Check: is_any_planet_under_threat -> Success
DEBUG:root:Executing:Action: defend_threatened_planet
DEBUG:root:Order:1 6 2
DEBUG:root:Result: Action: defend_threatened_planet -> Success
DEBUG:root:Result: Sequence: Defensive Strategy -> Success
DEBUG:root:Result: Selector: High Level Ordering of Strategies -> Success
DEBUG:root:Finish turn

DEBUG:root:Executing:Selector: High Level Ordering of Strategies
DEBUG:root:Executing:Sequence: Offensive Strategy
DEBUG:root:Executing:Check: have_largest_fleet
DEBUG:root:Result: Check: have_largest_fleet -> Success
DEBUG:root:Executing:Check: if_enemy_planet_available
DEBUG:root:Result: Check: if_enemy_planet_available -> Success
DEBUG:root:Executing:Action: attack_weakest_enemy_planet
DEBUG:root:Order:0 17 12
DEBUG:root:Order:12 17 17
DEBUG:root:Result: Action: attack_weakest_enemy_planet -> Success
DEBUG:root:Result: Sequence: Offensive Strategy -> Success
DEBUG:root:Result: Selector: High Level Ordering of Strategies -> Success
DEBUG:root:Finish turn

DEBUG:root:Executing:Selector: High Level Ordering of Strategies
DEBUG:root:Executing:Sequence: Offensive Strategy
DEBUG:root:Executing:Check: have_largest_fleet
DEBUG:root:Result: Check: have_largest_fleet -> Success
DEBUG:root:Executing:Check: if_enemy_planet_available
DEBUG:root:Result: Check: if_enemy_planet_available -> Success
DEBUG:root:Executing:Action: attack_weakest_enemy_planet
DEBUG:root:Result: Action: attack_weakest_enemy_planet -> Failure
DEBUG:root:Result: Sequence: Offensive Strategy -> Failure
DEBUG:root:Executing:Sequence: Defensive Strategy
DEBUG:root:Executing:Check: is_any_planet_under_threat
DEBUG:root:Result: Check: is_any_planet_under_threat -> Success
DEBUG:root:Executing:Action: defend_threatened_planet
DEBUG:root:Order:1 6 2
DEBUG:root:Result: Action: defend_threatened_planet -> Success
DEBUG:root:Result: Sequence: Defensive Strategy -> Success
DEBUG:root:Result: Selector: High Level Ordering of Strategies -> Success
DEBUG:root:Finish turn

DEBUG:root:Executing:Selector: High Level Ordering of Strategies
DEBUG:root:Executing:Sequence: Offensive Strategy
DEBUG:root:Executing:Check: have_largest_fleet
DEBUG:root:Result: Check: have_largest_fleet -> Success
DEBUG:root:Executing:Check: if_enemy_planet_available
DEBUG:root:Result: Check: if_enemy_planet_available -> Success
DEBUG:root:Executing:Action: attack_weakest_enemy_planet
DEBUG:root:Result: Action: attack_weakest_enemy_planet -> Failure
DEBUG:root:Result: Sequence: Offensive Strategy -> Failure
DEBUG:root:Executing:Sequence: Defensive Strategy
DEBUG:root:Executing:Check: is_any_planet_under_threat
DEBUG:root:Result: Check: is_any_planet_under_threat -> Success
DEBUG:root:Executing:Action: defend_threatened_planet
DEBUG:root:Order:1 6 2
DEBUG:root:Result: Action: defend_threatened_planet -> Success
DEBUG:root:Result: Sequence: Defensive Strategy -> Success
DEBUG:root:Result: Selector: High Level Ordering of Strategies -> Success
DEBUG:root:Finish turn

DEBUG:root:Executing:Selector: High Level Ordering of Strategies
DEBUG:root:Executing:Sequence: Offensive Strategy
DEBUG:root:Executing:Check: have_largest_fleet
DEBUG:root:Result: Check: have_largest_fleet -> Success
DEBUG:root:Executing:Check: if_enemy_planet_available
DEBUG:root:Result: Check: if_enemy_planet_available -> Success
DEBUG:root:Executing:Action: attack_weakest_enemy_planet
DEBUG:root:Result: Action: attack_weakest_enemy_planet -> Failure
DEBUG:root:Result: Sequence: Offensive Strategy -> Failure
DEBUG:root:Executing:Sequence: Defensive Strategy
DEBUG:root:Executing:Check: is_any_planet_under_threat
DEBUG:root:Result: Check: is_any_planet_under_threat -> Success
DEBUG:root:Executing:Action: defend_threatened_planet
DEBUG:root:Order:1 6 2
DEBUG:root:Result: Action: defend_threatened_planet -> Success
DEBUG:root:Result: Sequence: Defensive Strategy -> Success
DEBUG:root:Result: Selector: High Level Ordering of Strategies -> Success
DEBUG:root:Finish turn

DEBUG:root:Executing:Selector: High Level Ordering of Strategies
DEBUG:root:Executing:Sequence: Offensive Strategy
DEBUG:root:Executing:Check: have_largest_fleet
DEBUG:root:Result: Check: have_largest_fleet -> Success
DEBUG:root:Executing:Check: if_enemy_planet_available
DEBUG:root:Result: Check: if_enemy_planet_available -> Success
DEBUG:root:Executing:Action: attack_weakest_enemy_planet
DEBUG:root:Result: Action: attack_weakest_enemy_planet -> Failure
DEBUG:root:Result: Sequence: Offensive Strategy -> Failure
DEBUG:root:Executing:Sequence: Defensive Strategy
DEBUG:root:Executing:Check: is_any_planet_under_threat
DEBUG:root:Result: Check: is_any_planet_under_threat -> Success
DEBUG:root:Executing:Action: defend_threatened_planet
DEBUG:root:Order:1 6 2
DEBUG:root:Result: Action: defend_threatened_planet -> Success
DEBUG:root:Result: Sequence: Defensive Strategy -> Success
DEBUG:root:Result: Selector: High Level Ordering of Strategies -> Success
DEBUG:root:Finish turn

DEBUG:root:Executing:Selector: High Level Ordering of Strategies
DEBUG:root:Executing:Sequence: Offensive Strategy
DEBUG:root:Executing:Check: have_largest_fleet
DEBUG:root:Result: Check: have_largest_fleet -> Success
DEBUG:root:Executing:Check: if_enemy_planet_available
DEBUG:root:Result: Check: if_enemy_planet_available -> Success
DEBUG:root:Executing:Action: attack_weakest_enemy_planet
DEBUG:root:Result: Action: attack_weakest_enemy_planet -> Failure
DEBUG:root:Result: Sequence: Offensive Strategy -> Failure
DEBUG:root:Executing:Sequence: Defensive Strategy
DEBUG:root:Executing:Check: is_any_planet_under_threat
DEBUG:root:Result: Check: is_any_planet_under_threat -> Success
DEBUG:root:Executing:Action: defend_threatened_planet
DEBUG:root:Order:1 6 2
DEBUG:root:Result: Action: defend_threatened_planet -> Success
DEBUG:root:Result: Sequence: Defensive Strategy -> Success
DEBUG:root:Result: Selector: High Level Ordering of Strategies -> Success
DEBUG:root:Finish turn

DEBUG:root:Executing:Selector: High Level Ordering of Strategies
DEBUG:root:Executing:Sequence: Offensive Strategy
DEBUG:root:Executing:Check: have_largest_fleet
DEBUG:root:Result: Check: have_largest_fleet -> Success
DEBUG:root:Executing:Check: if_enemy_planet_available
DEBUG:root:Result: Check: if_enemy_planet_available -> Success
DEBUG:root:Executing:Action: attack_weakest_enemy_planet
DEBUG:root:Result: Action: attack_weakest_enemy_planet -> Failure
DEBUG:root:Result: Sequence: Offensive Strategy -> Failure
DEBUG:root:Executing:Sequence: Defensive Strategy
DEBUG:root:Executing:Check: is_any_planet_under_threat
DEBUG:root:Result: Check: is_any_planet_under_threat -> Success
DEBUG:root:Executing:Action: defend_threatened_planet
DEBUG:root:Order:1 6 2
DEBUG:root:Result: Action: defend_threatened_planet -> Success
DEBUG:root:Result: Sequence: Defensive Strategy -> Success
DEBUG:root:Result: Selector: High Level Ordering of Strategies -> Success
DEBUG:root:Finish turn

DEBUG:root:Executing:Selector: High Level Ordering of Strategies
DEBUG:root:Executing:Sequence: Offensive Strategy
DEBUG:root:Executing:Check: have_largest_fleet
DEBUG:root:Result: Check: have_largest_fleet -> Success
DEBUG:root:Executing:Check: if_enemy_planet_available
DEBUG:root:Result: Check: if_enemy_planet_available -> Success
DEBUG:root:Executing:Action: attack_weakest_enemy_planet
DEBUG:root:Result: Action: attack_weakest_enemy_planet -> Failure
DEBUG:root:Result: Sequence: Offensive Strategy -> Failure
DEBUG:root:Executing:Sequence: Defensive Strategy
DEBUG:root:Executing:Check: is_any_planet_under_threat
DEBUG:root:Result: Check: is_any_planet_under_threat -> Success
DEBUG:root:Executing:Action: defend_threatened_planet
DEBUG:root:Order:1 6 2
DEBUG:root:Result: Action: defend_threatened_planet -> Success
DEBUG:root:Result: Sequence: Defensive Strategy -> Success
DEBUG:root:Result: Selector: High Level Ordering of Strategies -> Success
DEBUG:root:Finish turn

DEBUG:root:Executing:Selector: High Level Ordering of Strategies
DEBUG:root:Executing:Sequence: Offensive Strategy
DEBUG:root:Executing:Check: have_largest_fleet
DEBUG:root:Result: Check: have_largest_fleet -> Success
DEBUG:root:Executing:Check: if_enemy_planet_available
DEBUG:root:Result: Check: if_enemy_planet_available -> Success
DEBUG:root:Executing:Action: attack_weakest_enemy_planet
DEBUG:root:Result: Action: attack_weakest_enemy_planet -> Failure
DEBUG:root:Result: Sequence: Offensive Strategy -> Failure
DEBUG:root:Executing:Sequence: Defensive Strategy
DEBUG:root:Executing:Check: is_any_planet_under_threat
DEBUG:root:Result: Check: is_any_planet_under_threat -> Success
DEBUG:root:Executing:Action: defend_threatened_planet
DEBUG:root:Order:1 6 2
DEBUG:root:Result: Action: defend_threatened_planet -> Success
DEBUG:root:Result: Sequence: Defensive Strategy -> Success
DEBUG:root:Result: Selector: High Level Ordering of Strategies -> Success
DEBUG:root:Finish turn

DEBUG:root:Executing:Selector: High Level Ordering of Strategies
DEBUG:root:Executing:Sequence: Offensive Strategy
DEBUG:root:Executing:Check: have_largest_fleet
DEBUG:root:Result: Check: have_largest_fleet -> Success
DEBUG:root:Executing:Check: if_enemy_planet_available
DEBUG:root:Result: Check: if_enemy_planet_available -> Success
DEBUG:root:Executing:Action: attack_weakest_enemy_planet
DEBUG:root:Result: Action: attack_weakest_enemy_planet -> Failure
DEBUG:root:Result: Sequence: Offensive Strategy -> Failure
DEBUG:root:Executing:Sequence: Defensive Strategy
DEBUG:root:Executing:Check: is_any_planet_under_threat
DEBUG:root:Result: Check: is_any_planet_under_threat -> Success
DEBUG:root:Executing:Action: defend_threatened_planet
DEBUG:root:Result: Action: defend_threatened_planet -> Failure
DEBUG:root:Result: Sequence: Defensive Strategy -> Failure
DEBUG:root:Executing:Sequence: Spread Strategy
DEBUG:root:Executing:Check: if_neutral_planet_available
DEBUG:root:Result: Check: if_neutral_planet_available -> Success
DEBUG:root:Executing:Action: spread_to_weakest_neutral_planet
DEBUG:root:Order:11 19 56
DEBUG:root:Result: Action: spread_to_weakest_neutral_planet -> Success
DEBUG:root:Result: Sequence: Spread Strategy -> Success
DEBUG:root:Result: Selector: High Level Ordering of Strategies -> Success
DEBUG:root:Finish turn

DEBUG:root:Executing:Selector: High Level Ordering of Strategies
DEBUG:root:Executing:Sequence: Offensive Strategy
DEBUG:root:Executing:Check: have_largest_fleet
DEBUG:root:Result: Check: have_largest_fleet -> Success
DEBUG:root:Executing:Check: if_enemy_planet_available
DEBUG:root:Result: Check: if_enemy_planet_available -> Success
DEBUG:root:Executing:Action: attack_weakest_enemy_planet
DEBUG:root:Result: Action: attack_weakest_enemy_planet -> Failure
DEBUG:root:Result: Sequence: Offensive Strategy -> Failure
DEBUG:root:Executing:Sequence: Defensive Strategy
DEBUG:root:Executing:Check: is_any_planet_under_threat
DEBUG:root:Result: Check: is_any_planet_under_threat -> Success
DEBUG:root:Executing:Action: defend_threatened_planet
DEBUG:root:Result: Action: defend_threatened_planet -> Failure
DEBUG:root:Result: Sequence: Defensive Strategy -> Failure
DEBUG:root:Executing:Sequence: Spread Strategy
DEBUG:root:Executing:Check: if_neutral_planet_available
DEBUG:root:Result: Check: if_neutral_planet_available -> Success
DEBUG:root:Executing:Action: spread_to_weakest_neutral_planet
DEBUG:root:Order:1 20 56
DEBUG:root:Result: Action: spread_to_weakest_neutral_planet -> Success
DEBUG:root:Result: Sequence: Spread Strategy -> Success
DEBUG:root:Result: Selector: High Level Ordering of Strategies -> Success
DEBUG:root:Finish turn

DEBUG:root:Executing:Selector: High Level Ordering of Strategies
DEBUG:root:Executing:Sequence: Offensive Strategy
DEBUG:root:Executing:Check: have_largest_fleet
DEBUG:root:Result: Check: have_largest_fleet -> Success
DEBUG:root:Executing:Check: if_enemy_planet_available
DEBUG:root:Result: Check: if_enemy_planet_available -> Success
DEBUG:root:Executing:Action: attack_weakest_enemy_planet
DEBUG:root:Result: Action: attack_weakest_enemy_planet -> Failure
DEBUG:root:Result: Sequence: Offensive Strategy -> Failure
DEBUG:root:Executing:Sequence: Defensive Strategy
DEBUG:root:Executing:Check: is_any_planet_under_threat
DEBUG:root:Result: Check: is_any_planet_under_threat -> Success
DEBUG:root:Executing:Action: defend_threatened_planet
DEBUG:root:Result: Action: defend_threatened_planet -> Failure
DEBUG:root:Result: Sequence: Defensive Strategy -> Failure
DEBUG:root:Executing:Sequence: Spread Strategy
DEBUG:root:Executing:Check: if_neutral_planet_available
DEBUG:root:Result: Check: if_neutral_planet_available -> Success
DEBUG:root:Executing:Action: spread_to_weakest_neutral_planet
DEBUG:root:Result: Action: spread_to_weakest_neutral_planet -> Failure
DEBUG:root:Result: Sequence: Spread Strategy -> Failure
DEBUG:root:Executing:Sequence: Fallback Attack
DEBUG:root:Executing:Check: if_enemy_planet_available
DEBUG:root:Result: Check: if_enemy_planet_available -> Success
DEBUG:root:Executing:Action: attack_weakest_enemy_planet
DEBUG:root:Result: Action: attack_weakest_enemy_planet -> Failure
DEBUG:root:Result: Sequence: Fallback Attack -> Failure
DEBUG:root:Result: Selector: High Level Ordering of Strategies -> Failure
DEBUG:root:Finish turn

DEBUG:root:Executing:Selector: High Level Ordering of Strategies
DEBUG:root:Executing:Sequence: Offensive Strategy
DEBUG:root:Executing:Check: have_largest_fleet
DEBUG:root:Result: Check: have_largest_fleet -> Success
DEBUG:root:Executing:Check: if_enemy_planet_available
DEBUG:root:Result: Check: if_enemy_planet_available -> Success
DEBUG:root:Executing:Action: attack_weakest_enemy_planet
DEBUG:root:Result: Action: attack_weakest_enemy_planet -> Failure
DEBUG:root:Result: Sequence: Offensive Strategy -> Failure
DEBUG:root:Executing:Sequence: Defensive Strategy
DEBUG:root:Executing:Check: is_any_planet_under_threat
DEBUG:root:Result: Check: is_any_planet_under_threat -> Success
DEBUG:root:Executing:Action: defend_threatened_planet
DEBUG:root:Result: Action: defend_threatened_planet -> Failure
DEBUG:root:Result: Sequence: Defensive Strategy -> Failure
DEBUG:root:Executing:Sequence: Spread Strategy
DEBUG:root:Executing:Check: if_neutral_planet_available
DEBUG:root:Result: Check: if_neutral_planet_available -> Success
DEBUG:root:Executing:Action: spread_to_weakest_neutral_planet
DEBUG:root:Result: Action: spread_to_weakest_neutral_planet -> Failure
DEBUG:root:Result: Sequence: Spread Strategy -> Failure
DEBUG:root:Executing:Sequence: Fallback Attack
DEBUG:root:Executing:Check: if_enemy_planet_available
DEBUG:root:Result: Check: if_enemy_planet_available -> Success
DEBUG:root:Executing:Action: attack_weakest_enemy_planet
DEBUG:root:Result: Action: attack_weakest_enemy_planet -> Failure
DEBUG:root:Result: Sequence: Fallback Attack -> Failure
DEBUG:root:Result: Selector: High Level Ordering of Strategies -> Failure
DEBUG:root:Finish turn

DEBUG:root:Executing:Selector: High Level Ordering of Strategies
DEBUG:root:Executing:Sequence: Offensive Strategy
DEBUG:root:Executing:Check: have_largest_fleet
DEBUG:root:Result: Check: have_largest_fleet -> Success
DEBUG:root:Executing:Check: if_enemy_planet_available
DEBUG:root:Result: Check: if_enemy_planet_available -> Success
DEBUG:root:Executing:Action: attack_weakest_enemy_planet
DEBUG:root:Result: Action: attack_weakest_enemy_planet -> Failure
DEBUG:root:Result: Sequence: Offensive Strategy -> Failure
DEBUG:root:Executing:Sequence: Defensive Strategy
DEBUG:root:Executing:Check: is_any_planet_under_threat
DEBUG:root:Result: Check: is_any_planet_under_threat -> Success
DEBUG:root:Executing:Action: defend_threatened_planet
DEBUG:root:Result: Action: defend_threatened_planet -> Failure
DEBUG:root:Result: Sequence: Defensive Strategy -> Failure
DEBUG:root:Executing:Sequence: Spread Strategy
DEBUG:root:Executing:Check: if_neutral_planet_available
DEBUG:root:Result: Check: if_neutral_planet_available -> Success
DEBUG:root:Executing:Action: spread_to_weakest_neutral_planet
DEBUG:root:Result: Action: spread_to_weakest_neutral_planet -> Failure
DEBUG:root:Result: Sequence: Spread Strategy -> Failure
DEBUG:root:Executing:Sequence: Fallback Attack
DEBUG:root:Executing:Check: if_enemy_planet_available
DEBUG:root:Result: Check: if_enemy_planet_available -> Success
DEBUG:root:Executing:Action: attack_weakest_enemy_planet
DEBUG:root:Result: Action: attack_weakest_enemy_planet -> Failure
DEBUG:root:Result: Sequence: Fallback Attack -> Failure
DEBUG:root:Result: Selector: High Level Ordering of Strategies -> Failure
DEBUG:root:Finish turn

DEBUG:root:Executing:Selector: High Level Ordering of Strategies
DEBUG:root:Executing:Sequence: Offensive Strategy
DEBUG:root:Executing:Check: have_largest_fleet
DEBUG:root:Result: Check: have_largest_fleet -> Success
DEBUG:root:Executing:Check: if_enemy_planet_available
DEBUG:root:Result: Check: if_enemy_planet_available -> Success
DEBUG:root:Executing:Action: attack_weakest_enemy_planet
DEBUG:root:Order:0 17 16
DEBUG:root:Result: Action: attack_weakest_enemy_planet -> Success
DEBUG:root:Result: Sequence: Offensive Strategy -> Success
DEBUG:root:Result: Selector: High Level Ordering of Strategies -> Success
DEBUG:root:Finish turn

DEBUG:root:Executing:Selector: High Level Ordering of Strategies
DEBUG:root:Executing:Sequence: Offensive Strategy
DEBUG:root:Executing:Check: have_largest_fleet
DEBUG:root:Result: Check: have_largest_fleet -> Success
DEBUG:root:Executing:Check: if_enemy_planet_available
DEBUG:root:Result: Check: if_enemy_planet_available -> Success
DEBUG:root:Executing:Action: attack_weakest_enemy_planet
DEBUG:root:Result: Action: attack_weakest_enemy_planet -> Failure
DEBUG:root:Result: Sequence: Offensive Strategy -> Failure
DEBUG:root:Executing:Sequence: Defensive Strategy
DEBUG:root:Executing:Check: is_any_planet_under_threat
DEBUG:root:Result: Check: is_any_planet_under_threat -> Failure
DEBUG:root:Result: Sequence: Defensive Strategy -> Failure
DEBUG:root:Executing:Sequence: Spread Strategy
DEBUG:root:Executing:Check: if_neutral_planet_available
DEBUG:root:Result: Check: if_neutral_planet_available -> Success
DEBUG:root:Executing:Action: spread_to_weakest_neutral_planet
DEBUG:root:Order:12 21 59
DEBUG:root:Result: Action: spread_to_weakest_neutral_planet -> Success
DEBUG:root:Result: Sequence: Spread Strategy -> Success
DEBUG:root:Result: Selector: High Level Ordering of Strategies -> Success
DEBUG:root:Finish turn

DEBUG:root:Executing:Selector: High Level Ordering of Strategies
DEBUG:root:Executing:Sequence: Offensive Strategy
DEBUG:root:Executing:Check: have_largest_fleet
DEBUG:root:Result: Check: have_largest_fleet -> Success
DEBUG:root:Executing:Check: if_enemy_planet_available
DEBUG:root:Result: Check: if_enemy_planet_available -> Success
DEBUG:root:Executing:Action: attack_weakest_enemy_planet
DEBUG:root:Order:0 2 27
DEBUG:root:Order:5 2 14
DEBUG:root:Order:11 2 42
DEBUG:root:Result: Action: attack_weakest_enemy_planet -> Success
DEBUG:root:Result: Sequence: Offensive Strategy -> Success
DEBUG:root:Result: Selector: High Level Ordering of Strategies -> Success
DEBUG:root:Finish turn

DEBUG:root:Executing:Selector: High Level Ordering of Strategies
DEBUG:root:Executing:Sequence: Offensive Strategy
DEBUG:root:Executing:Check: have_largest_fleet
DEBUG:root:Result: Check: have_largest_fleet -> Success
DEBUG:root:Executing:Check: if_enemy_planet_available
DEBUG:root:Result: Check: if_enemy_planet_available -> Success
DEBUG:root:Executing:Action: attack_weakest_enemy_planet
DEBUG:root:Result: Action: attack_weakest_enemy_planet -> Failure
DEBUG:root:Result: Sequence: Offensive Strategy -> Failure
DEBUG:root:Executing:Sequence: Defensive Strategy
DEBUG:root:Executing:Check: is_any_planet_under_threat
DEBUG:root:Result: Check: is_any_planet_under_threat -> Failure
DEBUG:root:Result: Sequence: Defensive Strategy -> Failure
DEBUG:root:Executing:Sequence: Spread Strategy
DEBUG:root:Executing:Check: if_neutral_planet_available
DEBUG:root:Result: Check: if_neutral_planet_available -> Success
DEBUG:root:Executing:Action: spread_to_weakest_neutral_planet
DEBUG:root:Result: Action: spread_to_weakest_neutral_planet -> Failure
DEBUG:root:Result: Sequence: Spread Strategy -> Failure
DEBUG:root:Executing:Sequence: Fallback Attack
DEBUG:root:Executing:Check: if_enemy_planet_available
DEBUG:root:Result: Check: if_enemy_planet_available -> Success
DEBUG:root:Executing:Action: attack_weakest_enemy_planet
DEBUG:root:Result: Action: attack_weakest_enemy_planet -> Failure
DEBUG:root:Result: Sequence: Fallback Attack -> Failure
DEBUG:root:Result: Selector: High Level Ordering of Strategies -> Failure
DEBUG:root:Finish turn

DEBUG:root:Executing:Selector: High Level Ordering of Strategies
DEBUG:root:Executing:Sequence: Offensive Strategy
DEBUG:root:Executing:Check: have_largest_fleet
DEBUG:root:Result: Check: have_largest_fleet -> Success
DEBUG:root:Executing:Check: if_enemy_planet_available
DEBUG:root:Result: Check: if_enemy_planet_available -> Success
DEBUG:root:Executing:Action: attack_weakest_enemy_planet
DEBUG:root:Result: Action: attack_weakest_enemy_planet -> Failure
DEBUG:root:Result: Sequence: Offensive Strategy -> Failure
DEBUG:root:Executing:Sequence: Defensive Strategy
DEBUG:root:Executing:Check: is_any_planet_under_threat
DEBUG:root:Result: Check: is_any_planet_under_threat -> Success
DEBUG:root:Executing:Action: defend_threatened_planet
DEBUG:root:Result: Action: defend_threatened_planet -> Failure
DEBUG:root:Result: Sequence: Defensive Strategy -> Failure
DEBUG:root:Executing:Sequence: Spread Strategy
DEBUG:root:Executing:Check: if_neutral_planet_available
DEBUG:root:Result: Check: if_neutral_planet_available -> Success
DEBUG:root:Executing:Action: spread_to_weakest_neutral_planet
DEBUG:root:Result: Action: spread_to_weakest_neutral_planet -> Failure
DEBUG:root:Result: Sequence: Spread Strategy -> Failure
DEBUG:root:Executing:Sequence: Fallback Attack
DEBUG:root:Executing:Check: if_enemy_planet_available
DEBUG:root:Result: Check: if_enemy_planet_available -> Success
DEBUG:root:Executing:Action: attack_weakest_enemy_planet
DEBUG:root:Result: Action: attack_weakest_enemy_planet -> Failure
DEBUG:root:Result: Sequence: Fallback Attack -> Failure
DEBUG:root:Result: Selector: High Level Ordering of Strategies -> Failure
DEBUG:root:Finish turn

DEBUG:root:Executing:Selector: High Level Ordering of Strategies
DEBUG:root:Executing:Sequence: Offensive Strategy
DEBUG:root:Executing:Check: have_largest_fleet
DEBUG:root:Result: Check: have_largest_fleet -> Success
DEBUG:root:Executing:Check: if_enemy_planet_available
DEBUG:root:Result: Check: if_enemy_planet_available -> Success
DEBUG:root:Executing:Action: attack_weakest_enemy_planet
DEBUG:root:Result: Action: attack_weakest_enemy_planet -> Failure
DEBUG:root:Result: Sequence: Offensive Strategy -> Failure
DEBUG:root:Executing:Sequence: Defensive Strategy
DEBUG:root:Executing:Check: is_any_planet_under_threat
DEBUG:root:Result: Check: is_any_planet_under_threat -> Success
DEBUG:root:Executing:Action: defend_threatened_planet
DEBUG:root:Result: Action: defend_threatened_planet -> Failure
DEBUG:root:Result: Sequence: Defensive Strategy -> Failure
DEBUG:root:Executing:Sequence: Spread Strategy
DEBUG:root:Executing:Check: if_neutral_planet_available
DEBUG:root:Result: Check: if_neutral_planet_available -> Success
DEBUG:root:Executing:Action: spread_to_weakest_neutral_planet
DEBUG:root:Result: Action: spread_to_weakest_neutral_planet -> Failure
DEBUG:root:Result: Sequence: Spread Strategy -> Failure
DEBUG:root:Executing:Sequence: Fallback Attack
DEBUG:root:Executing:Check: if_enemy_planet_available
DEBUG:root:Result: Check: if_enemy_planet_available -> Success
DEBUG:root:Executing:Action: attack_weakest_enemy_planet
DEBUG:root:Result: Action: attack_weakest_enemy_planet -> Failure
DEBUG:root:Result: Sequence: Fallback Attack -> Failure
DEBUG:root:Result: Selector: High Level Ordering of Strategies -> Failure
DEBUG:root:Finish turn

DEBUG:root:Executing:Selector: High Level Ordering of Strategies
DEBUG:root:Executing:Sequence: Offensive Strategy
DEBUG:root:Executing:Check: have_largest_fleet
DEBUG:root:Result: Check: have_largest_fleet -> Success
DEBUG:root:Executing:Check: if_enemy_planet_available
DEBUG:root:Result: Check: if_enemy_planet_available -> Success
DEBUG:root:Executing:Action: attack_weakest_enemy_planet
DEBUG:root:Result: Action: attack_weakest_enemy_planet -> Failure
DEBUG:root:Result: Sequence: Offensive Strategy -> Failure
DEBUG:root:Executing:Sequence: Defensive Strategy
DEBUG:root:Executing:Check: is_any_planet_under_threat
DEBUG:root:Result: Check: is_any_planet_under_threat -> Success
DEBUG:root:Executing:Action: defend_threatened_planet
DEBUG:root:Result: Action: defend_threatened_planet -> Failure
DEBUG:root:Result: Sequence: Defensive Strategy -> Failure
DEBUG:root:Executing:Sequence: Spread Strategy
DEBUG:root:Executing:Check: if_neutral_planet_available
DEBUG:root:Result: Check: if_neutral_planet_available -> Success
DEBUG:root:Executing:Action: spread_to_weakest_neutral_planet
DEBUG:root:Result: Action: spread_to_weakest_neutral_planet -> Failure
DEBUG:root:Result: Sequence: Spread Strategy -> Failure
DEBUG:root:Executing:Sequence: Fallback Attack
DEBUG:root:Executing:Check: if_enemy_planet_available
DEBUG:root:Result: Check: if_enemy_planet_available -> Success
DEBUG:root:Executing:Action: attack_weakest_enemy_planet
DEBUG:root:Result: Action: attack_weakest_enemy_planet -> Failure
DEBUG:root:Result: Sequence: Fallback Attack -> Failure
DEBUG:root:Result: Selector: High Level Ordering of Strategies -> Failure
DEBUG:root:Finish turn

DEBUG:root:Executing:Selector: High Level Ordering of Strategies
DEBUG:root:Executing:Sequence: Offensive Strategy
DEBUG:root:Executing:Check: have_largest_fleet
DEBUG:root:Result: Check: have_largest_fleet -> Success
DEBUG:root:Executing:Check: if_enemy_planet_available
DEBUG:root:Result: Check: if_enemy_planet_available -> Success
DEBUG:root:Executing:Action: attack_weakest_enemy_planet
DEBUG:root:Result: Action: attack_weakest_enemy_planet -> Failure
DEBUG:root:Result: Sequence: Offensive Strategy -> Failure
DEBUG:root:Executing:Sequence: Defensive Strategy
DEBUG:root:Executing:Check: is_any_planet_under_threat
DEBUG:root:Result: Check: is_any_planet_under_threat -> Success
DEBUG:root:Executing:Action: defend_threatened_planet
DEBUG:root:Result: Action: defend_threatened_planet -> Failure
DEBUG:root:Result: Sequence: Defensive Strategy -> Failure
DEBUG:root:Executing:Sequence: Spread Strategy
DEBUG:root:Executing:Check: if_neutral_planet_available
DEBUG:root:Result: Check: if_neutral_planet_available -> Success
DEBUG:root:Executing:Action: spread_to_weakest_neutral_planet
DEBUG:root:Result: Action: spread_to_weakest_neutral_planet -> Failure
DEBUG:root:Result: Sequence: Spread Strategy -> Failure
DEBUG:root:Executing:Sequence: Fallback Attack
DEBUG:root:Executing:Check: if_enemy_planet_available
DEBUG:root:Result: Check: if_enemy_planet_available -> Success
DEBUG:root:Executing:Action: attack_weakest_enemy_planet
DEBUG:root:Result: Action: attack_weakest_enemy_planet -> Failure
DEBUG:root:Result: Sequence: Fallback Attack -> Failure
DEBUG:root:Result: Selector: High Level Ordering of Strategies -> Failure
DEBUG:root:Finish turn

DEBUG:root:Executing:Selector: High Level Ordering of Strategies
DEBUG:root:Executing:Sequence: Offensive Strategy
DEBUG:root:Executing:Check: have_largest_fleet
DEBUG:root:Result: Check: have_largest_fleet -> Success
DEBUG:root:Executing:Check: if_enemy_planet_available
DEBUG:root:Result: Check: if_enemy_planet_available -> Success
DEBUG:root:Executing:Action: attack_weakest_enemy_planet
DEBUG:root:Result: Action: attack_weakest_enemy_planet -> Failure
DEBUG:root:Result: Sequence: Offensive Strategy -> Failure
DEBUG:root:Executing:Sequence: Defensive Strategy
DEBUG:root:Executing:Check: is_any_planet_under_threat
DEBUG:root:Result: Check: is_any_planet_under_threat -> Success
DEBUG:root:Executing:Action: defend_threatened_planet
DEBUG:root:Order:1 19 43
DEBUG:root:Result: Action: defend_threatened_planet -> Success
DEBUG:root:Result: Sequence: Defensive Strategy -> Success
DEBUG:root:Result: Selector: High Level Ordering of Strategies -> Success
DEBUG:root:Finish turn

DEBUG:root:Executing:Selector: High Level Ordering of Strategies
DEBUG:root:Executing:Sequence: Offensive Strategy
DEBUG:root:Executing:Check: have_largest_fleet
DEBUG:root:Result: Check: have_largest_fleet -> Success
DEBUG:root:Executing:Check: if_enemy_planet_available
DEBUG:root:Result: Check: if_enemy_planet_available -> Success
DEBUG:root:Executing:Action: attack_weakest_enemy_planet
DEBUG:root:Result: Action: attack_weakest_enemy_planet -> Failure
DEBUG:root:Result: Sequence: Offensive Strategy -> Failure
DEBUG:root:Executing:Sequence: Defensive Strategy
DEBUG:root:Executing:Check: is_any_planet_under_threat
DEBUG:root:Result: Check: is_any_planet_under_threat -> Success
DEBUG:root:Executing:Action: defend_threatened_planet
DEBUG:root:Result: Action: defend_threatened_planet -> Failure
DEBUG:root:Result: Sequence: Defensive Strategy -> Failure
DEBUG:root:Executing:Sequence: Spread Strategy
DEBUG:root:Executing:Check: if_neutral_planet_available
DEBUG:root:Result: Check: if_neutral_planet_available -> Success
DEBUG:root:Executing:Action: spread_to_weakest_neutral_planet
DEBUG:root:Result: Action: spread_to_weakest_neutral_planet -> Failure
DEBUG:root:Result: Sequence: Spread Strategy -> Failure
DEBUG:root:Executing:Sequence: Fallback Attack
DEBUG:root:Executing:Check: if_enemy_planet_available
DEBUG:root:Result: Check: if_enemy_planet_available -> Success
DEBUG:root:Executing:Action: attack_weakest_enemy_planet
DEBUG:root:Result: Action: attack_weakest_enemy_planet -> Failure
DEBUG:root:Result: Sequence: Fallback Attack -> Failure
DEBUG:root:Result: Selector: High Level Ordering of Strategies -> Failure
DEBUG:root:Finish turn

DEBUG:root:Executing:Selector: High Level Ordering of Strategies
DEBUG:root:Executing:Sequence: Offensive Strategy
DEBUG:root:Executing:Check: have_largest_fleet
DEBUG:root:Result: Check: have_largest_fleet -> Success
DEBUG:root:Executing:Check: if_enemy_planet_available
DEBUG:root:Result: Check: if_enemy_planet_available -> Success
DEBUG:root:Executing:Action: attack_weakest_enemy_planet
DEBUG:root:Order:0 9 16
DEBUG:root:Result: Action: attack_weakest_enemy_planet -> Success
DEBUG:root:Result: Sequence: Offensive Strategy -> Success
DEBUG:root:Result: Selector: High Level Ordering of Strategies -> Success
DEBUG:root:Finish turn

DEBUG:root:Executing:Selector: High Level Ordering of Strategies
DEBUG:root:Executing:Sequence: Offensive Strategy
DEBUG:root:Executing:Check: have_largest_fleet
DEBUG:root:Result: Check: have_largest_fleet -> Success
DEBUG:root:Executing:Check: if_enemy_planet_available
DEBUG:root:Result: Check: if_enemy_planet_available -> Success
DEBUG:root:Executing:Action: attack_weakest_enemy_planet
DEBUG:root:Result: Action: attack_weakest_enemy_planet -> Failure
DEBUG:root:Result: Sequence: Offensive Strategy -> Failure
DEBUG:root:Executing:Sequence: Defensive Strategy
DEBUG:root:Executing:Check: is_any_planet_under_threat
DEBUG:root:Result: Check: is_any_planet_under_threat -> Success
DEBUG:root:Executing:Action: defend_threatened_planet
DEBUG:root:Order:18 19 43
DEBUG:root:Result: Action: defend_threatened_planet -> Success
DEBUG:root:Result: Sequence: Defensive Strategy -> Success
DEBUG:root:Result: Selector: High Level Ordering of Strategies -> Success
DEBUG:root:Finish turn

DEBUG:root:Executing:Selector: High Level Ordering of Strategies
DEBUG:root:Executing:Sequence: Offensive Strategy
DEBUG:root:Executing:Check: have_largest_fleet
DEBUG:root:Result: Check: have_largest_fleet -> Success
DEBUG:root:Executing:Check: if_enemy_planet_available
DEBUG:root:Result: Check: if_enemy_planet_available -> Success
DEBUG:root:Executing:Action: attack_weakest_enemy_planet
DEBUG:root:Result: Action: attack_weakest_enemy_planet -> Failure
DEBUG:root:Result: Sequence: Offensive Strategy -> Failure
DEBUG:root:Executing:Sequence: Defensive Strategy
DEBUG:root:Executing:Check: is_any_planet_under_threat
DEBUG:root:Result: Check: is_any_planet_under_threat -> Success
DEBUG:root:Executing:Action: defend_threatened_planet
DEBUG:root:Result: Action: defend_threatened_planet -> Failure
DEBUG:root:Result: Sequence: Defensive Strategy -> Failure
DEBUG:root:Executing:Sequence: Spread Strategy
DEBUG:root:Executing:Check: if_neutral_planet_available
DEBUG:root:Result: Check: if_neutral_planet_available -> Success
DEBUG:root:Executing:Action: spread_to_weakest_neutral_planet
DEBUG:root:Result: Action: spread_to_weakest_neutral_planet -> Failure
DEBUG:root:Result: Sequence: Spread Strategy -> Failure
DEBUG:root:Executing:Sequence: Fallback Attack
DEBUG:root:Executing:Check: if_enemy_planet_available
DEBUG:root:Result: Check: if_enemy_planet_available -> Success
DEBUG:root:Executing:Action: attack_weakest_enemy_planet
DEBUG:root:Result: Action: attack_weakest_enemy_planet -> Failure
DEBUG:root:Result: Sequence: Fallback Attack -> Failure
DEBUG:root:Result: Selector: High Level Ordering of Strategies -> Failure
DEBUG:root:Finish turn

DEBUG:root:Executing:Selector: High Level Ordering of Strategies
DEBUG:root:Executing:Sequence: Offensive Strategy
DEBUG:root:Executing:Check: have_largest_fleet
DEBUG:root:Result: Check: have_largest_fleet -> Success
DEBUG:root:Executing:Check: if_enemy_planet_available
DEBUG:root:Result: Check: if_enemy_planet_available -> Success
DEBUG:root:Executing:Action: attack_weakest_enemy_planet
DEBUG:root:Result: Action: attack_weakest_enemy_planet -> Failure
DEBUG:root:Result: Sequence: Offensive Strategy -> Failure
DEBUG:root:Executing:Sequence: Defensive Strategy
DEBUG:root:Executing:Check: is_any_planet_under_threat
DEBUG:root:Result: Check: is_any_planet_under_threat -> Success
DEBUG:root:Executing:Action: defend_threatened_planet
DEBUG:root:Result: Action: defend_threatened_planet -> Failure
DEBUG:root:Result: Sequence: Defensive Strategy -> Failure
DEBUG:root:Executing:Sequence: Spread Strategy
DEBUG:root:Executing:Check: if_neutral_planet_available
DEBUG:root:Result: Check: if_neutral_planet_available -> Success
DEBUG:root:Executing:Action: spread_to_weakest_neutral_planet
DEBUG:root:Order:12 22 59
DEBUG:root:Result: Action: spread_to_weakest_neutral_planet -> Success
DEBUG:root:Result: Sequence: Spread Strategy -> Success
DEBUG:root:Result: Selector: High Level Ordering of Strategies -> Success
DEBUG:root:Finish turn

DEBUG:root:Executing:Selector: High Level Ordering of Strategies
DEBUG:root:Executing:Sequence: Offensive Strategy
DEBUG:root:Executing:Check: have_largest_fleet
DEBUG:root:Result: Check: have_largest_fleet -> Success
DEBUG:root:Executing:Check: if_enemy_planet_available
DEBUG:root:Result: Check: if_enemy_planet_available -> Success
DEBUG:root:Executing:Action: attack_weakest_enemy_planet
DEBUG:root:Order:0 17 16
DEBUG:root:Order:2 5 13
DEBUG:root:Result: Action: attack_weakest_enemy_planet -> Success
DEBUG:root:Result: Sequence: Offensive Strategy -> Success
DEBUG:root:Result: Selector: High Level Ordering of Strategies -> Success
DEBUG:root:Finish turn

DEBUG:root:Executing:Selector: High Level Ordering of Strategies
DEBUG:root:Executing:Sequence: Offensive Strategy
DEBUG:root:Executing:Check: have_largest_fleet
DEBUG:root:Result: Check: have_largest_fleet -> Success
DEBUG:root:Executing:Check: if_enemy_planet_available
DEBUG:root:Result: Check: if_enemy_planet_available -> Success
DEBUG:root:Executing:Action: attack_weakest_enemy_planet
DEBUG:root:Result: Action: attack_weakest_enemy_planet -> Failure
DEBUG:root:Result: Sequence: Offensive Strategy -> Failure
DEBUG:root:Executing:Sequence: Defensive Strategy
DEBUG:root:Executing:Check: is_any_planet_under_threat
DEBUG:root:Result: Check: is_any_planet_under_threat -> Success
DEBUG:root:Executing:Action: defend_threatened_planet
DEBUG:root:Result: Action: defend_threatened_planet -> Failure
DEBUG:root:Result: Sequence: Defensive Strategy -> Failure
DEBUG:root:Executing:Sequence: Spread Strategy
DEBUG:root:Executing:Check: if_neutral_planet_available
DEBUG:root:Result: Check: if_neutral_planet_available -> Success
DEBUG:root:Executing:Action: spread_to_weakest_neutral_planet
DEBUG:root:Order:11 15 60
DEBUG:root:Result: Action: spread_to_weakest_neutral_planet -> Success
DEBUG:root:Result: Sequence: Spread Strategy -> Success
DEBUG:root:Result: Selector: High Level Ordering of Strategies -> Success
DEBUG:root:Finish turn

DEBUG:root:Executing:Selector: High Level Ordering of Strategies
DEBUG:root:Executing:Sequence: Offensive Strategy
DEBUG:root:Executing:Check: have_largest_fleet
DEBUG:root:Result: Check: have_largest_fleet -> Success
DEBUG:root:Executing:Check: if_enemy_planet_available
DEBUG:root:Result: Check: if_enemy_planet_available -> Success
DEBUG:root:Executing:Action: attack_weakest_enemy_planet
DEBUG:root:Result: Action: attack_weakest_enemy_planet -> Failure
DEBUG:root:Result: Sequence: Offensive Strategy -> Failure
DEBUG:root:Executing:Sequence: Defensive Strategy
DEBUG:root:Executing:Check: is_any_planet_under_threat
DEBUG:root:Result: Check: is_any_planet_under_threat -> Success
DEBUG:root:Executing:Action: defend_threatened_planet
DEBUG:root:Result: Action: defend_threatened_planet -> Failure
DEBUG:root:Result: Sequence: Defensive Strategy -> Failure
DEBUG:root:Executing:Sequence: Spread Strategy
DEBUG:root:Executing:Check: if_neutral_planet_available
DEBUG:root:Result: Check: if_neutral_planet_available -> Success
DEBUG:root:Executing:Action: spread_to_weakest_neutral_planet
DEBUG:root:Result: Action: spread_to_weakest_neutral_planet -> Failure
DEBUG:root:Result: Sequence: Spread Strategy -> Failure
DEBUG:root:Executing:Sequence: Fallback Attack
DEBUG:root:Executing:Check: if_enemy_planet_available
DEBUG:root:Result: Check: if_enemy_planet_available -> Success
DEBUG:root:Executing:Action: attack_weakest_enemy_planet
DEBUG:root:Result: Action: attack_weakest_enemy_planet -> Failure
DEBUG:root:Result: Sequence: Fallback Attack -> Failure
DEBUG:root:Result: Selector: High Level Ordering of Strategies -> Failure
DEBUG:root:Finish turn

DEBUG:root:Executing:Selector: High Level Ordering of Strategies
DEBUG:root:Executing:Sequence: Offensive Strategy
DEBUG:root:Executing:Check: have_largest_fleet
DEBUG:root:Result: Check: have_largest_fleet -> Success
DEBUG:root:Executing:Check: if_enemy_planet_available
DEBUG:root:Result: Check: if_enemy_planet_available -> Success
DEBUG:root:Executing:Action: attack_weakest_enemy_planet
DEBUG:root:Result: Action: attack_weakest_enemy_planet -> Failure
DEBUG:root:Result: Sequence: Offensive Strategy -> Failure
DEBUG:root:Executing:Sequence: Defensive Strategy
DEBUG:root:Executing:Check: is_any_planet_under_threat
DEBUG:root:Result: Check: is_any_planet_under_threat -> Failure
DEBUG:root:Result: Sequence: Defensive Strategy -> Failure
DEBUG:root:Executing:Sequence: Spread Strategy
DEBUG:root:Executing:Check: if_neutral_planet_available
DEBUG:root:Result: Check: if_neutral_planet_available -> Success
DEBUG:root:Executing:Action: spread_to_weakest_neutral_planet
DEBUG:root:Order:1 16 60
DEBUG:root:Result: Action: spread_to_weakest_neutral_planet -> Success
DEBUG:root:Result: Sequence: Spread Strategy -> Success
DEBUG:root:Result: Selector: High Level Ordering of Strategies -> Success
DEBUG:root:Finish turn

DEBUG:root:Executing:Selector: High Level Ordering of Strategies
DEBUG:root:Executing:Sequence: Offensive Strategy
DEBUG:root:Executing:Check: have_largest_fleet
DEBUG:root:Result: Check: have_largest_fleet -> Success
DEBUG:root:Executing:Check: if_enemy_planet_available
DEBUG:root:Result: Check: if_enemy_planet_available -> Success
DEBUG:root:Executing:Action: attack_weakest_enemy_planet
DEBUG:root:Result: Action: attack_weakest_enemy_planet -> Failure
DEBUG:root:Result: Sequence: Offensive Strategy -> Failure
DEBUG:root:Executing:Sequence: Defensive Strategy
DEBUG:root:Executing:Check: is_any_planet_under_threat
DEBUG:root:Result: Check: is_any_planet_under_threat -> Failure
DEBUG:root:Result: Sequence: Defensive Strategy -> Failure
DEBUG:root:Executing:Sequence: Spread Strategy
DEBUG:root:Executing:Check: if_neutral_planet_available
DEBUG:root:Result: Check: if_neutral_planet_available -> Success
DEBUG:root:Executing:Action: spread_to_weakest_neutral_planet
DEBUG:root:Order:19 13 60
DEBUG:root:Result: Action: spread_to_weakest_neutral_planet -> Success
DEBUG:root:Result: Sequence: Spread Strategy -> Success
DEBUG:root:Result: Selector: High Level Ordering of Strategies -> Success
DEBUG:root:Finish turn

DEBUG:root:Executing:Selector: High Level Ordering of Strategies
DEBUG:root:Executing:Sequence: Offensive Strategy
DEBUG:root:Executing:Check: have_largest_fleet
DEBUG:root:Result: Check: have_largest_fleet -> Success
DEBUG:root:Executing:Check: if_enemy_planet_available
DEBUG:root:Result: Check: if_enemy_planet_available -> Success
DEBUG:root:Executing:Action: attack_weakest_enemy_planet
DEBUG:root:Result: Action: attack_weakest_enemy_planet -> Failure
DEBUG:root:Result: Sequence: Offensive Strategy -> Failure
DEBUG:root:Executing:Sequence: Defensive Strategy
DEBUG:root:Executing:Check: is_any_planet_under_threat
DEBUG:root:Result: Check: is_any_planet_under_threat -> Success
DEBUG:root:Executing:Action: defend_threatened_planet
DEBUG:root:Result: Action: defend_threatened_planet -> Failure
DEBUG:root:Result: Sequence: Defensive Strategy -> Failure
DEBUG:root:Executing:Sequence: Spread Strategy
DEBUG:root:Executing:Check: if_neutral_planet_available
DEBUG:root:Result: Check: if_neutral_planet_available -> Success
DEBUG:root:Executing:Action: spread_to_weakest_neutral_planet
DEBUG:root:Result: Action: spread_to_weakest_neutral_planet -> Failure
DEBUG:root:Result: Sequence: Spread Strategy -> Failure
DEBUG:root:Executing:Sequence: Fallback Attack
DEBUG:root:Executing:Check: if_enemy_planet_available
DEBUG:root:Result: Check: if_enemy_planet_available -> Success
DEBUG:root:Executing:Action: attack_weakest_enemy_planet
DEBUG:root:Result: Action: attack_weakest_enemy_planet -> Failure
DEBUG:root:Result: Sequence: Fallback Attack -> Failure
DEBUG:root:Result: Selector: High Level Ordering of Strategies -> Failure
DEBUG:root:Finish turn

DEBUG:root:Executing:Selector: High Level Ordering of Strategies
DEBUG:root:Executing:Sequence: Offensive Strategy
DEBUG:root:Executing:Check: have_largest_fleet
DEBUG:root:Result: Check: have_largest_fleet -> Success
DEBUG:root:Executing:Check: if_enemy_planet_available
DEBUG:root:Result: Check: if_enemy_planet_available -> Success
DEBUG:root:Executing:Action: attack_weakest_enemy_planet
DEBUG:root:Result: Action: attack_weakest_enemy_planet -> Failure
DEBUG:root:Result: Sequence: Offensive Strategy -> Failure
DEBUG:root:Executing:Sequence: Defensive Strategy
DEBUG:root:Executing:Check: is_any_planet_under_threat
DEBUG:root:Result: Check: is_any_planet_under_threat -> Success
DEBUG:root:Executing:Action: defend_threatened_planet
DEBUG:root:Result: Action: defend_threatened_planet -> Failure
DEBUG:root:Result: Sequence: Defensive Strategy -> Failure
DEBUG:root:Executing:Sequence: Spread Strategy
DEBUG:root:Executing:Check: if_neutral_planet_available
DEBUG:root:Result: Check: if_neutral_planet_available -> Success
DEBUG:root:Executing:Action: spread_to_weakest_neutral_planet
DEBUG:root:Result: Action: spread_to_weakest_neutral_planet -> Failure
DEBUG:root:Result: Sequence: Spread Strategy -> Failure
DEBUG:root:Executing:Sequence: Fallback Attack
DEBUG:root:Executing:Check: if_enemy_planet_available
DEBUG:root:Result: Check: if_enemy_planet_available -> Success
DEBUG:root:Executing:Action: attack_weakest_enemy_planet
DEBUG:root:Result: Action: attack_weakest_enemy_planet -> Failure
DEBUG:root:Result: Sequence: Fallback Attack -> Failure
DEBUG:root:Result: Selector: High Level Ordering of Strategies -> Failure
DEBUG:root:Finish turn

DEBUG:root:Executing:Selector: High Level Ordering of Strategies
DEBUG:root:Executing:Sequence: Offensive Strategy
DEBUG:root:Executing:Check: have_largest_fleet
DEBUG:root:Result: Check: have_largest_fleet -> Success
DEBUG:root:Executing:Check: if_enemy_planet_available
DEBUG:root:Result: Check: if_enemy_planet_available -> Success
DEBUG:root:Executing:Action: attack_weakest_enemy_planet
DEBUG:root:Order:18 19 24
DEBUG:root:Result: Action: attack_weakest_enemy_planet -> Success
DEBUG:root:Result: Sequence: Offensive Strategy -> Success
DEBUG:root:Result: Selector: High Level Ordering of Strategies -> Success
DEBUG:root:Finish turn

DEBUG:root:Executing:Selector: High Level Ordering of Strategies
DEBUG:root:Executing:Sequence: Offensive Strategy
DEBUG:root:Executing:Check: have_largest_fleet
DEBUG:root:Result: Check: have_largest_fleet -> Success
DEBUG:root:Executing:Check: if_enemy_planet_available
DEBUG:root:Result: Check: if_enemy_planet_available -> Success
DEBUG:root:Executing:Action: attack_weakest_enemy_planet
DEBUG:root:Result: Action: attack_weakest_enemy_planet -> Failure
DEBUG:root:Result: Sequence: Offensive Strategy -> Failure
DEBUG:root:Executing:Sequence: Defensive Strategy
DEBUG:root:Executing:Check: is_any_planet_under_threat
DEBUG:root:Result: Check: is_any_planet_under_threat -> Success
DEBUG:root:Executing:Action: defend_threatened_planet
DEBUG:root:Result: Action: defend_threatened_planet -> Failure
DEBUG:root:Result: Sequence: Defensive Strategy -> Failure
DEBUG:root:Executing:Sequence: Spread Strategy
DEBUG:root:Executing:Check: if_neutral_planet_available
DEBUG:root:Result: Check: if_neutral_planet_available -> Success
DEBUG:root:Executing:Action: spread_to_weakest_neutral_planet
DEBUG:root:Result: Action: spread_to_weakest_neutral_planet -> Failure
DEBUG:root:Result: Sequence: Spread Strategy -> Failure
DEBUG:root:Executing:Sequence: Fallback Attack
DEBUG:root:Executing:Check: if_enemy_planet_available
DEBUG:root:Result: Check: if_enemy_planet_available -> Success
DEBUG:root:Executing:Action: attack_weakest_enemy_planet
DEBUG:root:Result: Action: attack_weakest_enemy_planet -> Failure
DEBUG:root:Result: Sequence: Fallback Attack -> Failure
DEBUG:root:Result: Selector: High Level Ordering of Strategies -> Failure
DEBUG:root:Finish turn

DEBUG:root:Executing:Selector: High Level Ordering of Strategies
DEBUG:root:Executing:Sequence: Offensive Strategy
DEBUG:root:Executing:Check: have_largest_fleet
DEBUG:root:Result: Check: have_largest_fleet -> Success
DEBUG:root:Executing:Check: if_enemy_planet_available
DEBUG:root:Result: Check: if_enemy_planet_available -> Success
DEBUG:root:Executing:Action: attack_weakest_enemy_planet
DEBUG:root:Result: Action: attack_weakest_enemy_planet -> Failure
DEBUG:root:Result: Sequence: Offensive Strategy -> Failure
DEBUG:root:Executing:Sequence: Defensive Strategy
DEBUG:root:Executing:Check: is_any_planet_under_threat
DEBUG:root:Result: Check: is_any_planet_under_threat -> Success
DEBUG:root:Executing:Action: defend_threatened_planet
DEBUG:root:Result: Action: defend_threatened_planet -> Failure
DEBUG:root:Result: Sequence: Defensive Strategy -> Failure
DEBUG:root:Executing:Sequence: Spread Strategy
DEBUG:root:Executing:Check: if_neutral_planet_available
DEBUG:root:Result: Check: if_neutral_planet_available -> Success
DEBUG:root:Executing:Action: spread_to_weakest_neutral_planet
DEBUG:root:Order:2 14 60
DEBUG:root:Result: Action: spread_to_weakest_neutral_planet -> Success
DEBUG:root:Result: Sequence: Spread Strategy -> Success
DEBUG:root:Result: Selector: High Level Ordering of Strategies -> Success
DEBUG:root:Finish turn

DEBUG:root:Executing:Selector: High Level Ordering of Strategies
DEBUG:root:Executing:Sequence: Offensive Strategy
DEBUG:root:Executing:Check: have_largest_fleet
DEBUG:root:Result: Check: have_largest_fleet -> Success
DEBUG:root:Executing:Check: if_enemy_planet_available
DEBUG:root:Result: Check: if_enemy_planet_available -> Success
DEBUG:root:Executing:Action: attack_weakest_enemy_planet
DEBUG:root:Result: Action: attack_weakest_enemy_planet -> Failure
DEBUG:root:Result: Sequence: Offensive Strategy -> Failure
DEBUG:root:Executing:Sequence: Defensive Strategy
DEBUG:root:Executing:Check: is_any_planet_under_threat
DEBUG:root:Result: Check: is_any_planet_under_threat -> Success
DEBUG:root:Executing:Action: defend_threatened_planet
DEBUG:root:Result: Action: defend_threatened_planet -> Failure
DEBUG:root:Result: Sequence: Defensive Strategy -> Failure
DEBUG:root:Executing:Sequence: Spread Strategy
DEBUG:root:Executing:Check: if_neutral_planet_available
DEBUG:root:Result: Check: if_neutral_planet_available -> Success
DEBUG:root:Executing:Action: spread_to_weakest_neutral_planet
DEBUG:root:Result: Action: spread_to_weakest_neutral_planet -> Failure
DEBUG:root:Result: Sequence: Spread Strategy -> Failure
DEBUG:root:Executing:Sequence: Fallback Attack
DEBUG:root:Executing:Check: if_enemy_planet_available
DEBUG:root:Result: Check: if_enemy_planet_available -> Success
DEBUG:root:Executing:Action: attack_weakest_enemy_planet
DEBUG:root:Result: Action: attack_weakest_enemy_planet -> Failure
DEBUG:root:Result: Sequence: Fallback Attack -> Failure
DEBUG:root:Result: Selector: High Level Ordering of Strategies -> Failure
DEBUG:root:Finish turn

DEBUG:root:Executing:Selector: High Level Ordering of Strategies
DEBUG:root:Executing:Sequence: Offensive Strategy
DEBUG:root:Executing:Check: have_largest_fleet
DEBUG:root:Result: Check: have_largest_fleet -> Success
DEBUG:root:Executing:Check: if_enemy_planet_available
DEBUG:root:Result: Check: if_enemy_planet_available -> Success
DEBUG:root:Executing:Action: attack_weakest_enemy_planet
DEBUG:root:Result: Action: attack_weakest_enemy_planet -> Failure
DEBUG:root:Result: Sequence: Offensive Strategy -> Failure
DEBUG:root:Executing:Sequence: Defensive Strategy
DEBUG:root:Executing:Check: is_any_planet_under_threat
DEBUG:root:Result: Check: is_any_planet_under_threat -> Success
DEBUG:root:Executing:Action: defend_threatened_planet
DEBUG:root:Result: Action: defend_threatened_planet -> Failure
DEBUG:root:Result: Sequence: Defensive Strategy -> Failure
DEBUG:root:Executing:Sequence: Spread Strategy
DEBUG:root:Executing:Check: if_neutral_planet_available
DEBUG:root:Result: Check: if_neutral_planet_available -> Success
DEBUG:root:Executing:Action: spread_to_weakest_neutral_planet
DEBUG:root:Result: Action: spread_to_weakest_neutral_planet -> Failure
DEBUG:root:Result: Sequence: Spread Strategy -> Failure
DEBUG:root:Executing:Sequence: Fallback Attack
DEBUG:root:Executing:Check: if_enemy_planet_available
DEBUG:root:Result: Check: if_enemy_planet_available -> Success
DEBUG:root:Executing:Action: attack_weakest_enemy_planet
DEBUG:root:Result: Action: attack_weakest_enemy_planet -> Failure
DEBUG:root:Result: Sequence: Fallback Attack -> Failure
DEBUG:root:Result: Selector: High Level Ordering of Strategies -> Failure
DEBUG:root:Finish turn

DEBUG:root:Executing:Selector: High Level Ordering of Strategies
DEBUG:root:Executing:Sequence: Offensive Strategy
DEBUG:root:Executing:Check: have_largest_fleet
DEBUG:root:Result: Check: have_largest_fleet -> Success
DEBUG:root:Executing:Check: if_enemy_planet_available
DEBUG:root:Result: Check: if_enemy_planet_available -> Success
DEBUG:root:Executing:Action: attack_weakest_enemy_planet
DEBUG:root:Result: Action: attack_weakest_enemy_planet -> Failure
DEBUG:root:Result: Sequence: Offensive Strategy -> Failure
DEBUG:root:Executing:Sequence: Defensive Strategy
DEBUG:root:Executing:Check: is_any_planet_under_threat
DEBUG:root:Result: Check: is_any_planet_under_threat -> Success
DEBUG:root:Executing:Action: defend_threatened_planet
DEBUG:root:Result: Action: defend_threatened_planet -> Failure
DEBUG:root:Result: Sequence: Defensive Strategy -> Failure
DEBUG:root:Executing:Sequence: Spread Strategy
DEBUG:root:Executing:Check: if_neutral_planet_available
DEBUG:root:Result: Check: if_neutral_planet_available -> Success
DEBUG:root:Executing:Action: spread_to_weakest_neutral_planet
DEBUG:root:Result: Action: spread_to_weakest_neutral_planet -> Failure
DEBUG:root:Result: Sequence: Spread Strategy -> Failure
DEBUG:root:Executing:Sequence: Fallback Attack
DEBUG:root:Executing:Check: if_enemy_planet_available
DEBUG:root:Result: Check: if_enemy_planet_available -> Success
DEBUG:root:Executing:Action: attack_weakest_enemy_planet
DEBUG:root:Result: Action: attack_weakest_enemy_planet -> Failure
DEBUG:root:Result: Sequence: Fallback Attack -> Failure
DEBUG:root:Result: Selector: High Level Ordering of Strategies -> Failure
DEBUG:root:Finish turn

DEBUG:root:Executing:Selector: High Level Ordering of Strategies
DEBUG:root:Executing:Sequence: Offensive Strategy
DEBUG:root:Executing:Check: have_largest_fleet
DEBUG:root:Result: Check: have_largest_fleet -> Success
DEBUG:root:Executing:Check: if_enemy_planet_available
DEBUG:root:Result: Check: if_enemy_planet_available -> Success
DEBUG:root:Executing:Action: attack_weakest_enemy_planet
DEBUG:root:Order:17 20 9
DEBUG:root:Result: Action: attack_weakest_enemy_planet -> Success
DEBUG:root:Result: Sequence: Offensive Strategy -> Success
DEBUG:root:Result: Selector: High Level Ordering of Strategies -> Success
DEBUG:root:Finish turn

DEBUG:root:Executing:Selector: High Level Ordering of Strategies
DEBUG:root:Executing:Sequence: Offensive Strategy
DEBUG:root:Executing:Check: have_largest_fleet
DEBUG:root:Result: Check: have_largest_fleet -> Success
DEBUG:root:Executing:Check: if_enemy_planet_available
DEBUG:root:Result: Check: if_enemy_planet_available -> Success
DEBUG:root:Executing:Action: attack_weakest_enemy_planet
DEBUG:root:Result: Action: attack_weakest_enemy_planet -> Failure
DEBUG:root:Result: Sequence: Offensive Strategy -> Failure
DEBUG:root:Executing:Sequence: Defensive Strategy
DEBUG:root:Executing:Check: is_any_planet_under_threat
DEBUG:root:Result: Check: is_any_planet_under_threat -> Success
DEBUG:root:Executing:Action: defend_threatened_planet
DEBUG:root:Order:21 13 2
DEBUG:root:Result: Action: defend_threatened_planet -> Success
DEBUG:root:Result: Sequence: Defensive Strategy -> Success
DEBUG:root:Result: Selector: High Level Ordering of Strategies -> Success
DEBUG:root:Finish turn

DEBUG:root:Executing:Selector: High Level Ordering of Strategies
DEBUG:root:Executing:Sequence: Offensive Strategy
DEBUG:root:Executing:Check: have_largest_fleet
DEBUG:root:Result: Check: have_largest_fleet -> Success
DEBUG:root:Executing:Check: if_enemy_planet_available
DEBUG:root:Result: Check: if_enemy_planet_available -> Success
DEBUG:root:Executing:Action: attack_weakest_enemy_planet
DEBUG:root:Result: Action: attack_weakest_enemy_planet -> Failure
DEBUG:root:Result: Sequence: Offensive Strategy -> Failure
DEBUG:root:Executing:Sequence: Defensive Strategy
DEBUG:root:Executing:Check: is_any_planet_under_threat
DEBUG:root:Result: Check: is_any_planet_under_threat -> Success
DEBUG:root:Executing:Action: defend_threatened_planet
DEBUG:root:Order:21 13 2
DEBUG:root:Result: Action: defend_threatened_planet -> Success
DEBUG:root:Result: Sequence: Defensive Strategy -> Success
DEBUG:root:Result: Selector: High Level Ordering of Strategies -> Success
DEBUG:root:Finish turn

DEBUG:root:Executing:Selector: High Level Ordering of Strategies
DEBUG:root:Executing:Sequence: Offensive Strategy
DEBUG:root:Executing:Check: have_largest_fleet
DEBUG:root:Result: Check: have_largest_fleet -> Success
DEBUG:root:Executing:Check: if_enemy_planet_available
DEBUG:root:Result: Check: if_enemy_planet_available -> Success
DEBUG:root:Executing:Action: attack_weakest_enemy_planet
DEBUG:root:Result: Action: attack_weakest_enemy_planet -> Failure
DEBUG:root:Result: Sequence: Offensive Strategy -> Failure
DEBUG:root:Executing:Sequence: Defensive Strategy
DEBUG:root:Executing:Check: is_any_planet_under_threat
DEBUG:root:Result: Check: is_any_planet_under_threat -> Success
DEBUG:root:Executing:Action: defend_threatened_planet
DEBUG:root:Order:21 13 2
DEBUG:root:Result: Action: defend_threatened_planet -> Success
DEBUG:root:Result: Sequence: Defensive Strategy -> Success
DEBUG:root:Result: Selector: High Level Ordering of Strategies -> Success
DEBUG:root:Finish turn

DEBUG:root:Executing:Selector: High Level Ordering of Strategies
DEBUG:root:Executing:Sequence: Offensive Strategy
DEBUG:root:Executing:Check: have_largest_fleet
DEBUG:root:Result: Check: have_largest_fleet -> Success
DEBUG:root:Executing:Check: if_enemy_planet_available
DEBUG:root:Result: Check: if_enemy_planet_available -> Success
DEBUG:root:Executing:Action: attack_weakest_enemy_planet
DEBUG:root:Result: Action: attack_weakest_enemy_planet -> Failure
DEBUG:root:Result: Sequence: Offensive Strategy -> Failure
DEBUG:root:Executing:Sequence: Defensive Strategy
DEBUG:root:Executing:Check: is_any_planet_under_threat
DEBUG:root:Result: Check: is_any_planet_under_threat -> Success
DEBUG:root:Executing:Action: defend_threatened_planet
DEBUG:root:Order:21 13 2
DEBUG:root:Result: Action: defend_threatened_planet -> Success
DEBUG:root:Result: Sequence: Defensive Strategy -> Success
DEBUG:root:Result: Selector: High Level Ordering of Strategies -> Success
DEBUG:root:Finish turn

DEBUG:root:Executing:Selector: High Level Ordering of Strategies
DEBUG:root:Executing:Sequence: Offensive Strategy
DEBUG:root:Executing:Check: have_largest_fleet
DEBUG:root:Result: Check: have_largest_fleet -> Success
DEBUG:root:Executing:Check: if_enemy_planet_available
DEBUG:root:Result: Check: if_enemy_planet_available -> Success
DEBUG:root:Executing:Action: attack_weakest_enemy_planet
DEBUG:root:Result: Action: attack_weakest_enemy_planet -> Failure
DEBUG:root:Result: Sequence: Offensive Strategy -> Failure
DEBUG:root:Executing:Sequence: Defensive Strategy
DEBUG:root:Executing:Check: is_any_planet_under_threat
DEBUG:root:Result: Check: is_any_planet_under_threat -> Failure
DEBUG:root:Result: Sequence: Defensive Strategy -> Failure
DEBUG:root:Executing:Sequence: Spread Strategy
DEBUG:root:Executing:Check: if_neutral_planet_available
DEBUG:root:Result: Check: if_neutral_planet_available -> Success
DEBUG:root:Executing:Action: spread_to_weakest_neutral_planet
DEBUG:root:Order:12 3 82
DEBUG:root:Result: Action: spread_to_weakest_neutral_planet -> Success
DEBUG:root:Result: Sequence: Spread Strategy -> Success
DEBUG:root:Result: Selector: High Level Ordering of Strategies -> Success
DEBUG:root:Finish turn

DEBUG:root:Executing:Selector: High Level Ordering of Strategies
DEBUG:root:Executing:Sequence: Offensive Strategy
DEBUG:root:Executing:Check: have_largest_fleet
DEBUG:root:Result: Check: have_largest_fleet -> Success
DEBUG:root:Executing:Check: if_enemy_planet_available
DEBUG:root:Result: Check: if_enemy_planet_available -> Success
DEBUG:root:Executing:Action: attack_weakest_enemy_planet
DEBUG:root:Result: Action: attack_weakest_enemy_planet -> Failure
DEBUG:root:Result: Sequence: Offensive Strategy -> Failure
DEBUG:root:Executing:Sequence: Defensive Strategy
DEBUG:root:Executing:Check: is_any_planet_under_threat
DEBUG:root:Result: Check: is_any_planet_under_threat -> Failure
DEBUG:root:Result: Sequence: Defensive Strategy -> Failure
DEBUG:root:Executing:Sequence: Spread Strategy
DEBUG:root:Executing:Check: if_neutral_planet_available
DEBUG:root:Result: Check: if_neutral_planet_available -> Success
DEBUG:root:Executing:Action: spread_to_weakest_neutral_planet
DEBUG:root:Order:11 4 82
DEBUG:root:Result: Action: spread_to_weakest_neutral_planet -> Success
DEBUG:root:Result: Sequence: Spread Strategy -> Success
DEBUG:root:Result: Selector: High Level Ordering of Strategies -> Success
DEBUG:root:Finish turn

DEBUG:root:Executing:Selector: High Level Ordering of Strategies
DEBUG:root:Executing:Sequence: Offensive Strategy
DEBUG:root:Executing:Check: have_largest_fleet
DEBUG:root:Result: Check: have_largest_fleet -> Success
DEBUG:root:Executing:Check: if_enemy_planet_available
DEBUG:root:Result: Check: if_enemy_planet_available -> Failure
DEBUG:root:Result: Sequence: Offensive Strategy -> Failure
DEBUG:root:Executing:Sequence: Defensive Strategy
DEBUG:root:Executing:Check: is_any_planet_under_threat
DEBUG:root:Result: Check: is_any_planet_under_threat -> Failure
DEBUG:root:Result: Sequence: Defensive Strategy -> Failure
DEBUG:root:Executing:Sequence: Spread Strategy
DEBUG:root:Executing:Check: if_neutral_planet_available
DEBUG:root:Result: Check: if_neutral_planet_available -> Success
DEBUG:root:Executing:Action: spread_to_weakest_neutral_planet
DEBUG:root:Result: Action: spread_to_weakest_neutral_planet -> Failure
DEBUG:root:Result: Sequence: Spread Strategy -> Failure
DEBUG:root:Executing:Sequence: Fallback Attack
DEBUG:root:Executing:Check: if_enemy_planet_available
DEBUG:root:Result: Check: if_enemy_planet_available -> Failure
DEBUG:root:Result: Sequence: Fallback Attack -> Failure
DEBUG:root:Result: Selector: High Level Ordering of Strategies -> Failure
DEBUG:root:Finish turn

DEBUG:root:Executing:Selector: High Level Ordering of Strategies
DEBUG:root:Executing:Sequence: Offensive Strategy
DEBUG:root:Executing:Check: have_largest_fleet
DEBUG:root:Result: Check: have_largest_fleet -> Success
DEBUG:root:Executing:Check: if_enemy_planet_available
DEBUG:root:Result: Check: if_enemy_planet_available -> Failure
DEBUG:root:Result: Sequence: Offensive Strategy -> Failure
DEBUG:root:Executing:Sequence: Defensive Strategy
DEBUG:root:Executing:Check: is_any_planet_under_threat
DEBUG:root:Result: Check: is_any_planet_under_threat -> Failure
DEBUG:root:Result: Sequence: Defensive Strategy -> Failure
DEBUG:root:Executing:Sequence: Spread Strategy
DEBUG:root:Executing:Check: if_neutral_planet_available
DEBUG:root:Result: Check: if_neutral_planet_available -> Success
DEBUG:root:Executing:Action: spread_to_weakest_neutral_planet
DEBUG:root:Order:1 7 84
DEBUG:root:Result: Action: spread_to_weakest_neutral_planet -> Success
DEBUG:root:Result: Sequence: Spread Strategy -> Success
DEBUG:root:Result: Selector: High Level Ordering of Strategies -> Success
DEBUG:root:Finish turn

